<?xml version="1.0" encoding="UTF-8"?>
<!-- Generated by org.testng.reporters.JUnitReportReporter -->
<testsuite hostname="DESKTOP-LE0R2S6" failures="0" tests="1" name="testCases.TC001_AccountRegistrationTest" time="2.543" errors="0" timestamp="2025-08-06T18:53:54 GMT-05:00" skipped="0">
  <testcase classname="testCases.TC001_AccountRegistrationTest" name="verify_account_registration" time="2.543"/>
</testsuite> <!-- testCases.TC001_AccountRegistrationTest -->
